[debug] [2021-09-07T11:02:54.451Z] ----------------------------------------------------------------------
[debug] [2021-09-07T11:02:54.454Z] Command:       C:\Program Files\nodejs\node.exe C:\Users\Mazharul Islam\AppData\Roaming\npm\node_modules\firebase-tools\lib\bin\firebase.js init hosting
[debug] [2021-09-07T11:02:54.454Z] CLI Version:   9.17.0
[debug] [2021-09-07T11:02:54.454Z] Platform:      win32
[debug] [2021-09-07T11:02:54.454Z] Node Version:  v14.17.5
[debug] [2021-09-07T11:02:54.455Z] Time:          Tue Sep 07 2021 17:02:54 GMT+0600 (Bangladesh Standard Time)
[debug] [2021-09-07T11:02:54.455Z] ----------------------------------------------------------------------
[debug] 
[debug] [2021-09-07T11:02:54.555Z] > command requires scopes: ["email","openid","https://www.googleapis.com/auth/cloudplatformprojects.readonly","https://www.googleapis.com/auth/firebase","https://www.googleapis.com/auth/cloud-platform"]
[debug] [2021-09-07T11:02:54.555Z] > authorizing via signed-in user (mazharulislam611@gmail.com)
[info] 
     ######## #### ########  ######## ########     ###     ######  ########
     ##        ##  ##     ## ##       ##     ##  ##   ##  ##       ##
     ######    ##  ########  ######   ########  #########  ######  ######
     ##        ##  ##    ##  ##       ##     ## ##     ##       ## ##
     ##       #### ##     ## ######## ########  ##     ##  ######  ########

You're about to initialize a Firebase project in this directory:

  E:\Web Development-20-08-2021\Client Projects\News-Project\24News-app-client\24news-app

Before we get started, keep in mind:

  * You are initializing within an existing Firebase project directory

